0 info it worked if it ends with ok
1 verbose cli [ 'node', '/usr/local/bin/npm', 'run', 'test-client' ]
2 info using npm@2.0.2
3 info using node@v0.11.14
4 verbose node symlink /usr/local/bin/node
5 verbose run-script [ 'pretest-client', 'test-client', 'posttest-client' ]
6 info pretest-client geodist@1.0.0
7 info test-client geodist@1.0.0
8 verbose unsafe-perm in lifecycle true
9 info geodist@1.0.0 Failed to exec test-client script
10 verbose stack Error: Exit status 1
10 verbose stack     at ChildProcess.<anonymous> (/usr/local/lib/node_modules/npm/lib/utils/lifecycle.js:212:16)
10 verbose stack     at ChildProcess.emit (events.js:110:17)
10 verbose stack     at maybeClose (child_process.js:1000:16)
10 verbose stack     at Process.ChildProcess._handle.onexit (child_process.js:1072:5)
11 verbose pkgid geodist@1.0.0
12 verbose cwd /Users/n23618/PROJECTS/__YR__/geodist
13 error Darwin 13.4.0
14 error argv "node" "/usr/local/bin/npm" "run" "test-client"
15 error node v0.11.14
16 error npm  v2.0.2
17 error code ELIFECYCLE
18 error geodist@1.0.0 test-client: `buddy build && mocha-phantomjs test/test-runner.html`
18 error Exit status 1
19 error Failed at the geodist@1.0.0 test-client script.
19 error This is most likely a problem with the geodist package,
19 error not with npm itself.
19 error Tell the author that this fails on your system:
19 error     buddy build && mocha-phantomjs test/test-runner.html
19 error You can get their info via:
19 error     npm owner ls geodist
19 error There is likely additional logging output above.
20 verbose exit [ 1, true ]
